<?xml version="1.0" encoding="UTF-8"?>
<coverage generated="1773299503519" clover="3.2.0">
  <project timestamp="1773299503519" name="All files">
    <metrics statements="57" coveredstatements="57" conditionals="18" coveredconditionals="18" methods="17" coveredmethods="17" elements="92" coveredelements="92" complexity="0" loc="57" ncloc="57" packages="1" files="4" classes="4"/>
    <file name="Counter.tsx" path="/home/manthan/Git Tutorial/practice-hub/Code-challenges/Task-component-test-suite/src/components/Counter.tsx">
      <metrics statements="7" coveredstatements="7" conditionals="0" coveredconditionals="0" methods="3" coveredmethods="3"/>
      <line num="1" count="1" type="stmt"/>
      <line num="3" count="1" type="stmt"/>
      <line num="4" count="4" type="stmt"/>
      <line num="6" count="4" type="stmt"/>
      <line num="10" count="1" type="stmt"/>
      <line num="14" count="1" type="stmt"/>
      <line num="21" count="1" type="stmt"/>
    </file>
    <file name="LoginForm.tsx" path="/home/manthan/Git Tutorial/practice-hub/Code-challenges/Task-component-test-suite/src/components/LoginForm.tsx">
      <metrics statements="21" coveredstatements="21" conditionals="10" coveredconditionals="10" methods="5" coveredmethods="5"/>
      <line num="1" count="1" type="stmt"/>
      <line num="8" count="1" type="stmt"/>
      <line num="9" count="6" type="stmt"/>
      <line num="10" count="6" type="stmt"/>
      <line num="11" count="6" type="stmt"/>
      <line num="13" count="6" type="stmt"/>
      <line num="14" count="2" type="stmt"/>
      <line num="16" count="2" type="cond" truecount="2" falsecount="0"/>
      <line num="17" count="1" type="stmt"/>
      <line num="20" count="2" type="cond" truecount="2" falsecount="0"/>
      <line num="21" count="1" type="stmt"/>
      <line num="24" count="2" type="stmt"/>
      <line num="25" count="2" type="stmt"/>
      <line num="28" count="6" type="stmt"/>
      <line num="29" count="2" type="stmt"/>
      <line num="31" count="2" type="cond" truecount="2" falsecount="0"/>
      <line num="32" count="1" type="stmt"/>
      <line num="36" count="6" type="stmt"/>
      <line num="42" count="1" type="stmt"/>
      <line num="51" count="1" type="stmt"/>
      <line num="60" count="1" type="stmt"/>
    </file>
    <file name="SearchList.tsx" path="/home/manthan/Git Tutorial/practice-hub/Code-challenges/Task-component-test-suite/src/components/SearchList.tsx">
      <metrics statements="9" coveredstatements="9" conditionals="2" coveredconditionals="2" methods="4" coveredmethods="4"/>
      <line num="1" count="1" type="stmt"/>
      <line num="7" count="1" type="stmt"/>
      <line num="8" count="5" type="stmt"/>
      <line num="10" count="5" type="stmt"/>
      <line num="11" count="13" type="stmt"/>
      <line num="14" count="5" type="stmt"/>
      <line num="20" count="2" type="stmt"/>
      <line num="28" count="9" type="stmt"/>
      <line num="36" count="1" type="stmt"/>
    </file>
    <file name="UserList.tsx" path="/home/manthan/Git Tutorial/practice-hub/Code-challenges/Task-component-test-suite/src/components/UserList.tsx">
      <metrics statements="20" coveredstatements="20" conditionals="6" coveredconditionals="6" methods="5" coveredmethods="5"/>
      <line num="1" count="1" type="stmt"/>
      <line num="2" count="1" type="stmt"/>
      <line num="9" count="1" type="stmt"/>
      <line num="10" count="7" type="stmt"/>
      <line num="11" count="7" type="stmt"/>
      <line num="12" count="7" type="stmt"/>
      <line num="14" count="7" type="stmt"/>
      <line num="15" count="4" type="stmt"/>
      <line num="16" count="4" type="stmt"/>
      <line num="17" count="4" type="stmt"/>
      <line num="18" count="3" type="stmt"/>
      <line num="20" count="2" type="stmt"/>
      <line num="22" count="4" type="stmt"/>
      <line num="26" count="4" type="stmt"/>
      <line num="29" count="7" type="cond" truecount="2" falsecount="0"/>
      <line num="30" count="3" type="cond" truecount="2" falsecount="0"/>
      <line num="31" count="2" type="cond" truecount="2" falsecount="0"/>
      <line num="33" count="1" type="stmt"/>
      <line num="36" count="1" type="stmt"/>
      <line num="42" count="1" type="stmt"/>
    </file>
  </project>
</coverage>
