{"/home/manthan/Git Tutorial/practice-hub/Code-challenges/Task-component-test-suite/src/components/Counter.tsx": {"path":"/home/manthan/Git Tutorial/practice-hub/Code-challenges/Task-component-test-suite/src/components/Counter.tsx","statementMap":{"0":{"start":{"line":1,"column":0},"end":{"line":1,"column":40}},"1":{"start":{"line":3,"column":26},"end":{"line":19,"column":1}},"2":{"start":{"line":4,"column":28},"end":{"line":4,"column":47}},"3":{"start":{"line":6,"column":2},"end":{"line":18,"column":4}},"4":{"start":{"line":10,"column":29},"end":{"line":10,"column":48}},"5":{"start":{"line":14,"column":29},"end":{"line":14,"column":48}},"6":{"start":{"line":21,"column":0},"end":{"line":21,"column":23}}},"fnMap":{"0":{"name":"(anonymous_0)","decl":{"start":{"line":3,"column":26},"end":{"line":3,"column":29}},"loc":{"start":{"line":3,"column":31},"end":{"line":19,"column":1}}},"1":{"name":"(anonymous_1)","decl":{"start":{"line":10,"column":23},"end":{"line":10,"column":26}},"loc":{"start":{"line":10,"column":29},"end":{"line":10,"column":48}}},"2":{"name":"(anonymous_2)","decl":{"start":{"line":14,"column":23},"end":{"line":14,"column":26}},"loc":{"start":{"line":14,"column":29},"end":{"line":14,"column":48}}}},"branchMap":{},"s":{"0":1,"1":1,"2":4,"3":4,"4":1,"5":1,"6":1},"f":{"0":4,"1":1,"2":1},"b":{}}
,"/home/manthan/Git Tutorial/practice-hub/Code-challenges/Task-component-test-suite/src/components/LoginForm.tsx": {"path":"/home/manthan/Git Tutorial/practice-hub/Code-challenges/Task-component-test-suite/src/components/LoginForm.tsx","statementMap":{"0":{"start":{"line":1,"column":0},"end":{"line":1,"column":39}},"1":{"start":{"line":8,"column":28},"end":{"line":58,"column":1}},"2":{"start":{"line":9,"column":28},"end":{"line":9,"column":48}},"3":{"start":{"line":10,"column":34},"end":{"line":10,"column":54}},"4":{"start":{"line":11,"column":30},"end":{"line":11,"column":50}},"5":{"start":{"line":13,"column":19},"end":{"line":26,"column":3}},"6":{"start":{"line":14,"column":30},"end":{"line":14,"column":32}},"7":{"start":{"line":16,"column":4},"end":{"line":18,"column":5}},"8":{"start":{"line":17,"column":6},"end":{"line":17,"column":44}},"9":{"start":{"line":20,"column":4},"end":{"line":22,"column":5}},"10":{"start":{"line":21,"column":6},"end":{"line":21,"column":50}},"11":{"start":{"line":24,"column":4},"end":{"line":24,"column":25}},"12":{"start":{"line":25,"column":4},"end":{"line":25,"column":47}},"13":{"start":{"line":28,"column":23},"end":{"line":34,"column":3}},"14":{"start":{"line":29,"column":4},"end":{"line":29,"column":23}},"15":{"start":{"line":31,"column":4},"end":{"line":33,"column":5}},"16":{"start":{"line":32,"column":6},"end":{"line":32,"column":30}},"17":{"start":{"line":36,"column":2},"end":{"line":57,"column":4}},"18":{"start":{"line":42,"column":25},"end":{"line":42,"column":49}},"19":{"start":{"line":51,"column":25},"end":{"line":51,"column":52}},"20":{"start":{"line":60,"column":0},"end":{"line":60,"column":25}}},"fnMap":{"0":{"name":"(anonymous_0)","decl":{"start":{"line":8,"column":28},"end":{"line":8,"column":31}},"loc":{"start":{"line":8,"column":33},"end":{"line":58,"column":1}}},"1":{"name":"(anonymous_1)","decl":{"start":{"line":13,"column":19},"end":{"line":13,"column":22}},"loc":{"start":{"line":13,"column":24},"end":{"line":26,"column":3}}},"2":{"name":"(anonymous_2)","decl":{"start":{"line":28,"column":23},"end":{"line":28,"column":24}},"loc":{"start":{"line":28,"column":46},"end":{"line":34,"column":3}}},"3":{"name":"(anonymous_3)","decl":{"start":{"line":42,"column":18},"end":{"line":42,"column":19}},"loc":{"start":{"line":42,"column":25},"end":{"line":42,"column":49}}},"4":{"name":"(anonymous_4)","decl":{"start":{"line":51,"column":18},"end":{"line":51,"column":19}},"loc":{"start":{"line":51,"column":25},"end":{"line":51,"column":52}}}},"branchMap":{"0":{"loc":{"start":{"line":16,"column":4},"end":{"line":18,"column":5}},"type":"if","locations":[{"start":{"line":16,"column":4},"end":{"line":18,"column":5}},{"start":{},"end":{}}]},"1":{"loc":{"start":{"line":20,"column":4},"end":{"line":22,"column":5}},"type":"if","locations":[{"start":{"line":20,"column":4},"end":{"line":22,"column":5}},{"start":{},"end":{}}]},"2":{"loc":{"start":{"line":31,"column":4},"end":{"line":33,"column":5}},"type":"if","locations":[{"start":{"line":31,"column":4},"end":{"line":33,"column":5}},{"start":{},"end":{}}]},"3":{"loc":{"start":{"line":44,"column":7},"end":{"line":44,"column":44}},"type":"binary-expr","locations":[{"start":{"line":44,"column":7},"end":{"line":44,"column":19}},{"start":{"line":44,"column":23},"end":{"line":44,"column":44}}]},"4":{"loc":{"start":{"line":53,"column":7},"end":{"line":53,"column":50}},"type":"binary-expr","locations":[{"start":{"line":53,"column":7},"end":{"line":53,"column":22}},{"start":{"line":53,"column":26},"end":{"line":53,"column":50}}]}},"s":{"0":1,"1":1,"2":6,"3":6,"4":6,"5":6,"6":2,"7":2,"8":1,"9":2,"10":1,"11":2,"12":2,"13":6,"14":2,"15":2,"16":1,"17":6,"18":1,"19":1,"20":1},"f":{"0":6,"1":2,"2":2,"3":1,"4":1},"b":{"0":[1,1],"1":[1,1],"2":[1,1],"3":[6,1],"4":[6,1]}}
,"/home/manthan/Git Tutorial/practice-hub/Code-challenges/Task-component-test-suite/src/components/SearchList.tsx": {"path":"/home/manthan/Git Tutorial/practice-hub/Code-challenges/Task-component-test-suite/src/components/SearchList.tsx","statementMap":{"0":{"start":{"line":1,"column":0},"end":{"line":1,"column":40}},"1":{"start":{"line":7,"column":36},"end":{"line":34,"column":1}},"2":{"start":{"line":8,"column":28},"end":{"line":8,"column":48}},"3":{"start":{"line":10,"column":19},"end":{"line":11,"column":null}},"4":{"start":{"line":11,"column":4},"end":{"line":11,"column":52}},"5":{"start":{"line":14,"column":2},"end":{"line":33,"column":4}},"6":{"start":{"line":20,"column":25},"end":{"line":20,"column":49}},"7":{"start":{"line":28,"column":12},"end":{"line":28,"column":29}},"8":{"start":{"line":36,"column":0},"end":{"line":36,"column":26}}},"fnMap":{"0":{"name":"(anonymous_0)","decl":{"start":{"line":7,"column":36},"end":{"line":7,"column":37}},"loc":{"start":{"line":7,"column":50},"end":{"line":34,"column":1}}},"1":{"name":"(anonymous_1)","decl":{"start":{"line":10,"column":32},"end":{"line":10,"column":33}},"loc":{"start":{"line":11,"column":4},"end":{"line":11,"column":52}}},"2":{"name":"(anonymous_2)","decl":{"start":{"line":20,"column":18},"end":{"line":20,"column":19}},"loc":{"start":{"line":20,"column":25},"end":{"line":20,"column":49}}},"3":{"name":"(anonymous_3)","decl":{"start":{"line":27,"column":24},"end":{"line":27,"column":25}},"loc":{"start":{"line":28,"column":12},"end":{"line":28,"column":29}}}},"branchMap":{"0":{"loc":{"start":{"line":23,"column":7},"end":{"line":30,"column":null}},"type":"cond-expr","locations":[{"start":{"line":24,"column":8},"end":{"line":24,"column":31}},{"start":{"line":26,"column":8},"end":{"line":29,"column":null}}]}},"s":{"0":1,"1":1,"2":5,"3":5,"4":13,"5":5,"6":2,"7":9,"8":1},"f":{"0":5,"1":13,"2":2,"3":9},"b":{"0":[1,4]}}
,"/home/manthan/Git Tutorial/practice-hub/Code-challenges/Task-component-test-suite/src/components/UserList.tsx": {"path":"/home/manthan/Git Tutorial/practice-hub/Code-challenges/Task-component-test-suite/src/components/UserList.tsx","statementMap":{"0":{"start":{"line":1,"column":0},"end":{"line":1,"column":51}},"1":{"start":{"line":2,"column":0},"end":{"line":2,"column":26}},"2":{"start":{"line":9,"column":27},"end":{"line":40,"column":1}},"3":{"start":{"line":10,"column":28},"end":{"line":10,"column":48}},"4":{"start":{"line":11,"column":32},"end":{"line":11,"column":55}},"5":{"start":{"line":12,"column":28},"end":{"line":12,"column":48}},"6":{"start":{"line":14,"column":2},"end":{"line":27,"column":9}},"7":{"start":{"line":15,"column":23},"end":{"line":24,"column":6}},"8":{"start":{"line":15,"column":34},"end":{"line":24,"column":6}},"9":{"start":{"line":16,"column":6},"end":{"line":23,"column":7}},"10":{"start":{"line":17,"column":25},"end":{"line":17,"column":62}},"11":{"start":{"line":18,"column":8},"end":{"line":18,"column":32}},"12":{"start":{"line":20,"column":8},"end":{"line":20,"column":41}},"13":{"start":{"line":22,"column":8},"end":{"line":22,"column":26}},"14":{"start":{"line":26,"column":4},"end":{"line":26,"column":17}},"15":{"start":{"line":29,"column":2},"end":{"line":29,"column":40}},"16":{"start":{"line":29,"column":15},"end":{"line":29,"column":40}},"17":{"start":{"line":30,"column":2},"end":{"line":30,"column":35}},"18":{"start":{"line":30,"column":13},"end":{"line":30,"column":35}},"19":{"start":{"line":31,"column":2},"end":{"line":31,"column":55}},"20":{"start":{"line":31,"column":26},"end":{"line":31,"column":55}},"21":{"start":{"line":33,"column":2},"end":{"line":39,"column":4}},"22":{"start":{"line":36,"column":8},"end":{"line":36,"column":27}},"23":{"start":{"line":42,"column":0},"end":{"line":42,"column":24}}},"fnMap":{"0":{"name":"(anonymous_8)","decl":{"start":{"line":9,"column":27},"end":{"line":9,"column":30}},"loc":{"start":{"line":9,"column":32},"end":{"line":40,"column":1}}},"1":{"name":"(anonymous_9)","decl":{"start":{"line":14,"column":12},"end":{"line":14,"column":15}},"loc":{"start":{"line":14,"column":17},"end":{"line":27,"column":3}}},"2":{"name":"(anonymous_10)","decl":{"start":{"line":15,"column":23},"end":{"line":15,"column":32}},"loc":{"start":{"line":15,"column":34},"end":{"line":24,"column":6}}},"3":{"name":"(anonymous_11)","decl":{"start":{"line":15,"column":34},"end":{"line":15,"column":null}},"loc":{"start":{"line":15,"column":34},"end":{"line":24,"column":5}}},"4":{"name":"(anonymous_12)","decl":{"start":{"line":35,"column":17},"end":{"line":35,"column":18}},"loc":{"start":{"line":36,"column":8},"end":{"line":36,"column":27}}}},"branchMap":{"0":{"loc":{"start":{"line":29,"column":2},"end":{"line":29,"column":40}},"type":"if","locations":[{"start":{"line":29,"column":2},"end":{"line":29,"column":40}},{"start":{},"end":{}}]},"1":{"loc":{"start":{"line":30,"column":2},"end":{"line":30,"column":35}},"type":"if","locations":[{"start":{"line":30,"column":2},"end":{"line":30,"column":35}},{"start":{},"end":{}}]},"2":{"loc":{"start":{"line":31,"column":2},"end":{"line":31,"column":55}},"type":"if","locations":[{"start":{"line":31,"column":2},"end":{"line":31,"column":55}},{"start":{},"end":{}}]}},"s":{"0":1,"1":1,"2":1,"3":7,"4":7,"5":7,"6":7,"7":4,"8":4,"9":4,"10":4,"11":3,"12":2,"13":4,"14":4,"15":7,"16":4,"17":3,"18":1,"19":2,"20":1,"21":1,"22":1,"23":1},"f":{"0":7,"1":4,"2":4,"3":4,"4":1},"b":{"0":[4,3],"1":[1,2],"2":[1,1]}}
}
