TN:
SF:src/components/Counter.tsx
FN:3,(anonymous_0)
FN:10,(anonymous_1)
FN:14,(anonymous_2)
FNF:3
FNH:3
FNDA:4,(anonymous_0)
FNDA:1,(anonymous_1)
FNDA:1,(anonymous_2)
DA:1,1
DA:3,1
DA:4,4
DA:6,4
DA:10,1
DA:14,1
DA:21,1
LF:7
LH:7
BRF:0
BRH:0
end_of_record
TN:
SF:src/components/LoginForm.tsx
FN:8,(anonymous_0)
FN:13,(anonymous_1)
FN:28,(anonymous_2)
FN:42,(anonymous_3)
FN:51,(anonymous_4)
FNF:5
FNH:5
FNDA:6,(anonymous_0)
FNDA:2,(anonymous_1)
FNDA:2,(anonymous_2)
FNDA:1,(anonymous_3)
FNDA:1,(anonymous_4)
DA:1,1
DA:8,1
DA:9,6
DA:10,6
DA:11,6
DA:13,6
DA:14,2
DA:16,2
DA:17,1
DA:20,2
DA:21,1
DA:24,2
DA:25,2
DA:28,6
DA:29,2
DA:31,2
DA:32,1
DA:36,6
DA:42,1
DA:51,1
DA:60,1
LF:21
LH:21
BRDA:16,0,0,1
BRDA:16,0,1,1
BRDA:20,1,0,1
BRDA:20,1,1,1
BRDA:31,2,0,1
BRDA:31,2,1,1
BRDA:44,3,0,6
BRDA:44,3,1,1
BRDA:53,4,0,6
BRDA:53,4,1,1
BRF:10
BRH:10
end_of_record
TN:
SF:src/components/SearchList.tsx
FN:7,(anonymous_0)
FN:10,(anonymous_1)
FN:20,(anonymous_2)
FN:27,(anonymous_3)
FNF:4
FNH:4
FNDA:5,(anonymous_0)
FNDA:13,(anonymous_1)
FNDA:2,(anonymous_2)
FNDA:9,(anonymous_3)
DA:1,1
DA:7,1
DA:8,5
DA:10,5
DA:11,13
DA:14,5
DA:20,2
DA:28,9
DA:36,1
LF:9
LH:9
BRDA:23,0,0,1
BRDA:23,0,1,4
BRF:2
BRH:2
end_of_record
TN:
SF:src/components/UserList.tsx
FN:9,(anonymous_8)
FN:14,(anonymous_9)
FN:15,(anonymous_10)
FN:15,(anonymous_11)
FN:35,(anonymous_12)
FNF:5
FNH:5
FNDA:7,(anonymous_8)
FNDA:4,(anonymous_9)
FNDA:4,(anonymous_10)
FNDA:4,(anonymous_11)
FNDA:1,(anonymous_12)
DA:1,1
DA:2,1
DA:9,1
DA:10,7
DA:11,7
DA:12,7
DA:14,7
DA:15,4
DA:16,4
DA:17,4
DA:18,3
DA:20,2
DA:22,4
DA:26,4
DA:29,7
DA:30,3
DA:31,2
DA:33,1
DA:36,1
DA:42,1
LF:20
LH:20
BRDA:29,0,0,4
BRDA:29,0,1,3
BRDA:30,1,0,1
BRDA:30,1,1,2
BRDA:31,2,0,1
BRDA:31,2,1,1
BRF:6
BRH:6
end_of_record
