TN:
SF:src/app.ts
FNF:0
FNH:0
DA:1,2
DA:2,2
DA:3,2
DA:5,2
DA:7,2
DA:9,2
DA:10,2
DA:12,2
LF:8
LH:8
BRF:0
BRH:0
end_of_record
TN:
SF:src/config/data-source.ts
FNF:0
FNH:0
DA:1,2
DA:2,2
DA:3,2
DA:4,2
DA:5,2
DA:7,2
DA:9,2
LF:7
LH:7
BRDA:11,0,0,2
BRDA:11,0,1,0
BRDA:14,1,0,0
BRDA:14,1,1,0
BRDA:15,2,0,0
BRDA:15,2,1,0
BRDA:16,3,0,0
BRDA:16,3,1,0
BRDA:17,4,0,0
BRDA:17,4,1,0
BRDA:18,5,0,0
BRDA:18,5,1,0
BRF:12
BRH:1
end_of_record
TN:
SF:src/config/test-data-source.ts
FNF:0
FNH:0
DA:1,2
DA:2,2
DA:3,2
DA:4,2
DA:6,2
LF:5
LH:5
BRDA:8,0,0,2
BRDA:8,0,1,0
BRDA:8,0,2,0
BRDA:9,1,0,2
BRDA:9,1,1,0
BRDA:9,1,2,0
BRDA:10,2,0,2
BRDA:10,2,1,2
BRDA:10,2,2,0
BRDA:11,3,0,2
BRDA:11,3,1,0
BRDA:11,3,2,0
BRDA:12,4,0,2
BRDA:12,4,1,0
BRF:14
BRH:6
end_of_record
TN:
SF:src/controllers/AuthController.ts
FN:7,(anonymous_0)
FN:15,(anonymous_1)
FNF:2
FNH:2
FNDA:2,(anonymous_0)
FNDA:1,(anonymous_1)
DA:2,2
DA:4,2
DA:6,2
DA:8,2
DA:10,2
DA:12,1
DA:16,1
DA:18,1
DA:20,1
LF:9
LH:9
BRF:0
BRH:0
end_of_record
TN:
SF:src/controllers/PostController.ts
FN:7,(anonymous_0)
FN:16,(anonymous_1)
FN:22,(anonymous_2)
FN:28,(anonymous_3)
FN:34,(anonymous_4)
FNF:5
FNH:3
FNDA:2,(anonymous_0)
FNDA:1,(anonymous_1)
FNDA:0,(anonymous_2)
FNDA:1,(anonymous_3)
FNDA:0,(anonymous_4)
DA:2,2
DA:4,2
DA:6,2
DA:8,2
DA:9,2
DA:11,2
DA:13,2
DA:17,1
DA:19,1
DA:23,0
DA:25,0
DA:29,1
DA:31,1
DA:35,0
DA:37,0
LF:15
LH:11
BRF:0
BRH:0
end_of_record
TN:
SF:src/entities/Post.ts
FN:21,(anonymous_2)
FN:21,(anonymous_3)
FNF:2
FNH:2
FNDA:6,(anonymous_2)
FNDA:6,(anonymous_3)
DA:1,2
DA:8,2
DA:11,2
DA:13,2
DA:16,2
DA:19,2
DA:21,6
DA:23,2
LF:8
LH:8
BRDA:23,0,0,0
BRDA:23,0,1,2
BRDA:23,1,0,2
BRDA:23,1,1,0
BRF:4
BRH:2
end_of_record
TN:
SF:src/entities/User.ts
FN:15,(anonymous_2)
FN:15,(anonymous_3)
FNF:2
FNH:2
FNDA:6,(anonymous_2)
FNDA:6,(anonymous_3)
DA:1,2
DA:2,2
DA:5,2
DA:7,2
DA:10,2
DA:13,2
DA:15,6
DA:16,2
LF:8
LH:8
BRF:0
BRH:0
end_of_record
TN:
SF:src/repositories/PostRepository.ts
FN:4,getPostRepository
FNF:1
FNH:1
FNDA:7,getPostRepository
DA:1,2
DA:2,2
DA:4,2
DA:5,7
LF:4
LH:4
BRF:0
BRH:0
end_of_record
TN:
SF:src/repositories/UserRepository.ts
FN:4,getUserRepository
FNF:1
FNH:1
FNDA:7,getUserRepository
DA:1,2
DA:2,2
DA:4,2
DA:5,7
LF:4
LH:4
BRF:0
BRH:0
end_of_record
TN:
SF:src/repositories/activeDataSource.ts
FN:5,getActiveDataSource
FNF:1
FNH:1
FNDA:14,getActiveDataSource
DA:2,2
DA:3,2
DA:5,2
DA:6,14
LF:4
LH:4
BRDA:6,0,0,14
BRDA:6,0,1,0
BRF:2
BRH:1
end_of_record
TN:
SF:src/routes/auth.routes.ts
FNF:0
FNH:0
DA:1,2
DA:2,2
DA:4,2
DA:5,2
DA:7,2
DA:8,2
DA:10,2
LF:7
LH:7
BRF:0
BRH:0
end_of_record
TN:
SF:src/routes/post.routes.ts
FNF:0
FNH:0
DA:1,2
DA:2,2
DA:4,2
DA:5,2
DA:7,2
DA:8,2
DA:9,2
DA:10,2
DA:11,2
DA:13,2
LF:10
LH:10
BRF:0
BRH:0
end_of_record
TN:
SF:src/services/AuthService.ts
FN:6,(anonymous_1)
FN:17,(anonymous_2)
FNF:2
FNH:2
FNDA:2,(anonymous_1)
FNDA:1,(anonymous_2)
DA:1,2
DA:2,2
DA:3,2
DA:5,2
DA:7,2
DA:9,2
DA:14,2
DA:18,1
DA:22,1
DA:24,1
DA:26,1
DA:28,1
DA:30,1
LF:13
LH:13
BRDA:22,0,0,0
BRDA:22,0,1,1
BRDA:26,1,0,0
BRDA:26,1,1,1
BRF:4
BRH:2
end_of_record
TN:
SF:src/services/PostService.ts
FN:5,(anonymous_0)
FN:19,(anonymous_1)
FN:23,(anonymous_2)
FN:30,(anonymous_3)
FN:40,(anonymous_4)
FNF:5
FNH:3
FNDA:2,(anonymous_0)
FNDA:1,(anonymous_1)
FNDA:0,(anonymous_2)
FNDA:1,(anonymous_3)
FNDA:0,(anonymous_4)
DA:1,2
DA:2,2
DA:4,2
DA:6,2
DA:8,2
DA:10,2
DA:16,2
DA:20,1
DA:24,0
DA:31,1
DA:33,1
DA:35,1
DA:37,1
DA:41,0
DA:43,0
DA:45,0
LF:16
LH:12
BRDA:8,0,0,0
BRDA:8,0,1,2
BRDA:33,1,0,0
BRDA:33,1,1,1
BRDA:43,2,0,0
BRDA:43,2,1,0
BRF:6
BRH:2
end_of_record
TN:
SF:src/tests/helpers/testApp.ts
FNF:0
FNH:0
DA:1,2
DA:3,2
LF:2
LH:2
BRF:0
BRH:0
end_of_record
TN:
SF:src/tests/seed/seedTestDB.ts
FN:5,seedUser
FNF:1
FNH:1
FNDA:6,seedUser
DA:1,2
DA:2,2
DA:3,2
DA:5,2
DA:6,6
DA:8,6
DA:10,6
DA:15,6
LF:8
LH:8
BRF:0
BRH:0
end_of_record
