<?xml version="1.0" encoding="UTF-8"?>
<coverage generated="1773297642595" clover="3.2.0">
  <project timestamp="1773297642595" name="All files">
    <metrics statements="49" coveredstatements="49" conditionals="22" coveredconditionals="22" methods="23" coveredmethods="23" elements="94" coveredelements="94" complexity="0" loc="49" ncloc="49" packages="1" files="5" classes="5"/>
    <file name="Counter.tsx" path="/home/tejas/Desktop/Git/feat-task/practice-hub/test-suite/src/components/Counter.tsx">
      <metrics statements="5" coveredstatements="5" conditionals="0" coveredconditionals="0" methods="4" coveredmethods="4"/>
      <line num="4" count="6" type="stmt"/>
      <line num="6" count="6" type="stmt"/>
      <line num="10" count="1" type="stmt"/>
      <line num="12" count="1" type="stmt"/>
      <line num="14" count="1" type="stmt"/>
    </file>
    <file name="ErrorBoundary.tsx" path="/home/tejas/Desktop/Git/feat-task/practice-hub/test-suite/src/components/ErrorBoundary.tsx">
      <metrics statements="6" coveredstatements="6" conditionals="2" coveredconditionals="2" methods="3" coveredmethods="3"/>
      <line num="12" count="3" type="stmt"/>
      <line num="17" count="2" type="stmt"/>
      <line num="21" count="1" type="stmt"/>
      <line num="25" count="5" type="cond" truecount="2" falsecount="0"/>
      <line num="26" count="2" type="stmt"/>
      <line num="29" count="3" type="stmt"/>
    </file>
    <file name="LoginForm.tsx" path="/home/tejas/Desktop/Git/feat-task/practice-hub/test-suite/src/components/LoginForm.tsx">
      <metrics statements="17" coveredstatements="17" conditionals="10" coveredconditionals="10" methods="5" coveredmethods="5"/>
      <line num="9" count="57" type="stmt"/>
      <line num="14" count="57" type="stmt"/>
      <line num="16" count="57" type="stmt"/>
      <line num="17" count="3" type="stmt"/>
      <line num="19" count="3" type="cond" truecount="2" falsecount="0"/>
      <line num="20" count="1" type="stmt"/>
      <line num="23" count="3" type="cond" truecount="2" falsecount="0"/>
      <line num="24" count="1" type="stmt"/>
      <line num="27" count="3" type="stmt"/>
      <line num="29" count="3" type="stmt"/>
      <line num="32" count="57" type="stmt"/>
      <line num="33" count="3" type="stmt"/>
      <line num="35" count="3" type="cond" truecount="2" falsecount="0"/>
      <line num="36" count="1" type="stmt"/>
      <line num="40" count="57" type="stmt"/>
      <line num="45" count="29" type="stmt"/>
      <line num="54" count="22" type="stmt"/>
    </file>
    <file name="SearchList.tsx" path="/home/tejas/Desktop/Git/feat-task/practice-hub/test-suite/src/components/SearchList.tsx">
      <metrics statements="6" coveredstatements="6" conditionals="2" coveredconditionals="2" methods="4" coveredmethods="4"/>
      <line num="8" count="9" type="stmt"/>
      <line num="10" count="9" type="stmt"/>
      <line num="11" count="27" type="stmt"/>
      <line num="14" count="9" type="stmt"/>
      <line num="19" count="6" type="stmt"/>
      <line num="27" count="14" type="stmt"/>
    </file>
    <file name="UserList.tsx" path="/home/tejas/Desktop/Git/feat-task/practice-hub/test-suite/src/components/UserList.tsx">
      <metrics statements="15" coveredstatements="15" conditionals="8" coveredconditionals="8" methods="7" coveredmethods="7"/>
      <line num="9" count="10" type="stmt"/>
      <line num="10" count="10" type="stmt"/>
      <line num="11" count="10" type="stmt"/>
      <line num="13" count="10" type="stmt"/>
      <line num="14" count="5" type="stmt"/>
      <line num="16" count="4" type="cond" truecount="2" falsecount="0"/>
      <line num="17" count="3" type="stmt"/>
      <line num="19" count="3" type="stmt"/>
      <line num="20" count="2" type="stmt"/>
      <line num="21" count="5" type="stmt"/>
      <line num="24" count="10" type="cond" truecount="2" falsecount="0"/>
      <line num="26" count="5" type="cond" truecount="2" falsecount="0"/>
      <line num="28" count="3" type="cond" truecount="2" falsecount="0"/>
      <line num="30" count="2" type="stmt"/>
      <line num="33" count="4" type="stmt"/>
    </file>
  </project>
</coverage>
