{"/home/tejas/Desktop/Git/feat-task/practice-hub/test-suite/src/components/Counter.tsx": {"path":"/home/tejas/Desktop/Git/feat-task/practice-hub/test-suite/src/components/Counter.tsx","statementMap":{"0":{"start":{"line":4,"column":28},"end":{"line":4,"column":39}},"1":{"start":{"line":6,"column":2},"end":{"line":16,"column":4}},"2":{"start":{"line":10,"column":29},"end":{"line":10,"column":48}},"3":{"start":{"line":12,"column":29},"end":{"line":12,"column":48}},"4":{"start":{"line":14,"column":29},"end":{"line":14,"column":40}}},"fnMap":{"0":{"name":"Counter","decl":{"start":{"line":3,"column":24},"end":{"line":3,"column":31}},"loc":{"start":{"line":3,"column":34},"end":{"line":17,"column":1}},"line":3},"1":{"name":"(anonymous_1)","decl":{"start":{"line":10,"column":23},"end":{"line":10,"column":24}},"loc":{"start":{"line":10,"column":29},"end":{"line":10,"column":48}},"line":10},"2":{"name":"(anonymous_2)","decl":{"start":{"line":12,"column":23},"end":{"line":12,"column":24}},"loc":{"start":{"line":12,"column":29},"end":{"line":12,"column":48}},"line":12},"3":{"name":"(anonymous_3)","decl":{"start":{"line":14,"column":23},"end":{"line":14,"column":24}},"loc":{"start":{"line":14,"column":29},"end":{"line":14,"column":40}},"line":14}},"branchMap":{},"s":{"0":6,"1":6,"2":1,"3":1,"4":1},"f":{"0":6,"1":1,"2":1,"3":1},"b":{},"_coverageSchema":"1a1c01bbd47fc00a2c39e90264f33305004495a9","hash":"ebf17079b2293a033e559133108d6ddea306cb44"}
,"/home/tejas/Desktop/Git/feat-task/practice-hub/test-suite/src/components/ErrorBoundary.tsx": {"path":"/home/tejas/Desktop/Git/feat-task/practice-hub/test-suite/src/components/ErrorBoundary.tsx","statementMap":{"0":{"start":{"line":12,"column":17},"end":{"line":14,"column":3}},"1":{"start":{"line":17,"column":4},"end":{"line":17,"column":30}},"2":{"start":{"line":21,"column":4},"end":{"line":21,"column":42}},"3":{"start":{"line":25,"column":4},"end":{"line":27,"column":5}},"4":{"start":{"line":26,"column":6},"end":{"line":26,"column":44}},"5":{"start":{"line":29,"column":4},"end":{"line":29,"column":31}}},"fnMap":{"0":{"name":"(anonymous_0)","decl":{"start":{"line":16,"column":2},"end":{"line":16,"column":3}},"loc":{"start":{"line":16,"column":36},"end":{"line":18,"column":3}},"line":16},"1":{"name":"(anonymous_1)","decl":{"start":{"line":20,"column":2},"end":{"line":20,"column":3}},"loc":{"start":{"line":20,"column":34},"end":{"line":22,"column":3}},"line":20},"2":{"name":"(anonymous_2)","decl":{"start":{"line":24,"column":2},"end":{"line":24,"column":3}},"loc":{"start":{"line":24,"column":11},"end":{"line":30,"column":3}},"line":24}},"branchMap":{"0":{"loc":{"start":{"line":25,"column":4},"end":{"line":27,"column":5}},"type":"if","locations":[{"start":{"line":25,"column":4},"end":{"line":27,"column":5}},{"start":{},"end":{}}],"line":25}},"s":{"0":3,"1":2,"2":1,"3":5,"4":2,"5":3},"f":{"0":2,"1":1,"2":5},"b":{"0":[2,3]},"_coverageSchema":"1a1c01bbd47fc00a2c39e90264f33305004495a9","hash":"a89bce42014d39f112178928abaa69661f2fa5ce"}
,"/home/tejas/Desktop/Git/feat-task/practice-hub/test-suite/src/components/LoginForm.tsx": {"path":"/home/tejas/Desktop/Git/feat-task/practice-hub/test-suite/src/components/LoginForm.tsx","statementMap":{"0":{"start":{"line":9,"column":26},"end":{"line":12,"column":4}},"1":{"start":{"line":14,"column":30},"end":{"line":14,"column":81}},"2":{"start":{"line":16,"column":19},"end":{"line":30,"column":3}},"3":{"start":{"line":17,"column":37},"end":{"line":17,"column":39}},"4":{"start":{"line":19,"column":4},"end":{"line":21,"column":5}},"5":{"start":{"line":20,"column":6},"end":{"line":20,"column":40}},"6":{"start":{"line":23,"column":4},"end":{"line":25,"column":5}},"7":{"start":{"line":24,"column":6},"end":{"line":24,"column":68}},"8":{"start":{"line":27,"column":4},"end":{"line":27,"column":25}},"9":{"start":{"line":29,"column":4},"end":{"line":29,"column":47}},"10":{"start":{"line":32,"column":23},"end":{"line":38,"column":3}},"11":{"start":{"line":33,"column":4},"end":{"line":33,"column":23}},"12":{"start":{"line":35,"column":4},"end":{"line":37,"column":5}},"13":{"start":{"line":36,"column":6},"end":{"line":36,"column":21}},"14":{"start":{"line":40,"column":2},"end":{"line":61,"column":4}},"15":{"start":{"line":45,"column":25},"end":{"line":45,"column":68}},"16":{"start":{"line":54,"column":25},"end":{"line":54,"column":71}}},"fnMap":{"0":{"name":"LoginForm","decl":{"start":{"line":8,"column":24},"end":{"line":8,"column":33}},"loc":{"start":{"line":8,"column":88},"end":{"line":62,"column":1}},"line":8},"1":{"name":"(anonymous_1)","decl":{"start":{"line":16,"column":19},"end":{"line":16,"column":20}},"loc":{"start":{"line":16,"column":25},"end":{"line":30,"column":3}},"line":16},"2":{"name":"(anonymous_2)","decl":{"start":{"line":32,"column":23},"end":{"line":32,"column":24}},"loc":{"start":{"line":32,"column":47},"end":{"line":38,"column":3}},"line":32},"3":{"name":"(anonymous_3)","decl":{"start":{"line":45,"column":18},"end":{"line":45,"column":19}},"loc":{"start":{"line":45,"column":25},"end":{"line":45,"column":68}},"line":45},"4":{"name":"(anonymous_4)","decl":{"start":{"line":54,"column":18},"end":{"line":54,"column":19}},"loc":{"start":{"line":54,"column":25},"end":{"line":54,"column":71}},"line":54}},"branchMap":{"0":{"loc":{"start":{"line":19,"column":4},"end":{"line":21,"column":5}},"type":"if","locations":[{"start":{"line":19,"column":4},"end":{"line":21,"column":5}},{"start":{},"end":{}}],"line":19},"1":{"loc":{"start":{"line":23,"column":4},"end":{"line":25,"column":5}},"type":"if","locations":[{"start":{"line":23,"column":4},"end":{"line":25,"column":5}},{"start":{},"end":{}}],"line":23},"2":{"loc":{"start":{"line":35,"column":4},"end":{"line":37,"column":5}},"type":"if","locations":[{"start":{"line":35,"column":4},"end":{"line":37,"column":5}},{"start":{},"end":{}}],"line":35},"3":{"loc":{"start":{"line":48,"column":7},"end":{"line":48,"column":44}},"type":"binary-expr","locations":[{"start":{"line":48,"column":7},"end":{"line":48,"column":19}},{"start":{"line":48,"column":23},"end":{"line":48,"column":44}}],"line":48},"4":{"loc":{"start":{"line":57,"column":7},"end":{"line":57,"column":50}},"type":"binary-expr","locations":[{"start":{"line":57,"column":7},"end":{"line":57,"column":22}},{"start":{"line":57,"column":26},"end":{"line":57,"column":50}}],"line":57}},"s":{"0":57,"1":57,"2":57,"3":3,"4":3,"5":1,"6":3,"7":1,"8":3,"9":3,"10":57,"11":3,"12":3,"13":1,"14":57,"15":29,"16":22},"f":{"0":57,"1":3,"2":3,"3":29,"4":22},"b":{"0":[1,2],"1":[1,2],"2":[1,2],"3":[57,1],"4":[57,1]},"_coverageSchema":"1a1c01bbd47fc00a2c39e90264f33305004495a9","hash":"8e6fe344ed7e3c760280b2521818c1b2ea8cbe0c"}
,"/home/tejas/Desktop/Git/feat-task/practice-hub/test-suite/src/components/SearchList.tsx": {"path":"/home/tejas/Desktop/Git/feat-task/practice-hub/test-suite/src/components/SearchList.tsx","statementMap":{"0":{"start":{"line":8,"column":28},"end":{"line":8,"column":40}},"1":{"start":{"line":10,"column":19},"end":{"line":12,"column":3}},"2":{"start":{"line":11,"column":4},"end":{"line":11,"column":52}},"3":{"start":{"line":14,"column":2},"end":{"line":32,"column":4}},"4":{"start":{"line":19,"column":25},"end":{"line":19,"column":49}},"5":{"start":{"line":27,"column":12},"end":{"line":27,"column":38}}},"fnMap":{"0":{"name":"SearchList","decl":{"start":{"line":7,"column":24},"end":{"line":7,"column":34}},"loc":{"start":{"line":7,"column":53},"end":{"line":33,"column":1}},"line":7},"1":{"name":"(anonymous_1)","decl":{"start":{"line":10,"column":32},"end":{"line":10,"column":33}},"loc":{"start":{"line":11,"column":4},"end":{"line":11,"column":52}},"line":11},"2":{"name":"(anonymous_2)","decl":{"start":{"line":19,"column":18},"end":{"line":19,"column":19}},"loc":{"start":{"line":19,"column":25},"end":{"line":19,"column":49}},"line":19},"3":{"name":"(anonymous_3)","decl":{"start":{"line":26,"column":24},"end":{"line":26,"column":25}},"loc":{"start":{"line":27,"column":12},"end":{"line":27,"column":38}},"line":27}},"branchMap":{"0":{"loc":{"start":{"line":22,"column":7},"end":{"line":30,"column":7}},"type":"cond-expr","locations":[{"start":{"line":23,"column":8},"end":{"line":23,"column":31}},{"start":{"line":25,"column":8},"end":{"line":29,"column":13}}],"line":22}},"s":{"0":9,"1":9,"2":27,"3":9,"4":6,"5":14},"f":{"0":9,"1":27,"2":6,"3":14},"b":{"0":[3,6]},"_coverageSchema":"1a1c01bbd47fc00a2c39e90264f33305004495a9","hash":"7fb7049b82ff7b1178b1a82e938427cbe7c7942e"}
,"/home/tejas/Desktop/Git/feat-task/practice-hub/test-suite/src/components/UserList.tsx": {"path":"/home/tejas/Desktop/Git/feat-task/practice-hub/test-suite/src/components/UserList.tsx","statementMap":{"0":{"start":{"line":9,"column":28},"end":{"line":9,"column":48}},"1":{"start":{"line":10,"column":32},"end":{"line":10,"column":46}},"2":{"start":{"line":11,"column":28},"end":{"line":11,"column":40}},"3":{"start":{"line":13,"column":2},"end":{"line":22,"column":9}},"4":{"start":{"line":14,"column":4},"end":{"line":21,"column":40}},"5":{"start":{"line":16,"column":8},"end":{"line":16,"column":56}},"6":{"start":{"line":16,"column":21},"end":{"line":16,"column":56}},"7":{"start":{"line":17,"column":8},"end":{"line":17,"column":26}},"8":{"start":{"line":19,"column":22},"end":{"line":19,"column":36}},"9":{"start":{"line":20,"column":19},"end":{"line":20,"column":51}},"10":{"start":{"line":21,"column":21},"end":{"line":21,"column":38}},"11":{"start":{"line":24,"column":2},"end":{"line":24,"column":40}},"12":{"start":{"line":24,"column":15},"end":{"line":24,"column":40}},"13":{"start":{"line":26,"column":2},"end":{"line":26,"column":35}},"14":{"start":{"line":26,"column":13},"end":{"line":26,"column":35}},"15":{"start":{"line":28,"column":2},"end":{"line":28,"column":53}},"16":{"start":{"line":28,"column":25},"end":{"line":28,"column":53}},"17":{"start":{"line":30,"column":2},"end":{"line":36,"column":4}},"18":{"start":{"line":33,"column":8},"end":{"line":33,"column":36}}},"fnMap":{"0":{"name":"UserList","decl":{"start":{"line":8,"column":24},"end":{"line":8,"column":32}},"loc":{"start":{"line":8,"column":35},"end":{"line":37,"column":1}},"line":8},"1":{"name":"(anonymous_1)","decl":{"start":{"line":13,"column":12},"end":{"line":13,"column":13}},"loc":{"start":{"line":13,"column":18},"end":{"line":22,"column":3}},"line":13},"2":{"name":"(anonymous_2)","decl":{"start":{"line":15,"column":12},"end":{"line":15,"column":13}},"loc":{"start":{"line":15,"column":21},"end":{"line":18,"column":7}},"line":15},"3":{"name":"(anonymous_3)","decl":{"start":{"line":19,"column":12},"end":{"line":19,"column":13}},"loc":{"start":{"line":19,"column":22},"end":{"line":19,"column":36}},"line":19},"4":{"name":"(anonymous_4)","decl":{"start":{"line":20,"column":13},"end":{"line":20,"column":14}},"loc":{"start":{"line":20,"column":19},"end":{"line":20,"column":51}},"line":20},"5":{"name":"(anonymous_5)","decl":{"start":{"line":21,"column":15},"end":{"line":21,"column":16}},"loc":{"start":{"line":21,"column":21},"end":{"line":21,"column":38}},"line":21},"6":{"name":"(anonymous_6)","decl":{"start":{"line":32,"column":17},"end":{"line":32,"column":18}},"loc":{"start":{"line":33,"column":8},"end":{"line":33,"column":36}},"line":33}},"branchMap":{"0":{"loc":{"start":{"line":16,"column":8},"end":{"line":16,"column":56}},"type":"if","locations":[{"start":{"line":16,"column":8},"end":{"line":16,"column":56}},{"start":{},"end":{}}],"line":16},"1":{"loc":{"start":{"line":24,"column":2},"end":{"line":24,"column":40}},"type":"if","locations":[{"start":{"line":24,"column":2},"end":{"line":24,"column":40}},{"start":{},"end":{}}],"line":24},"2":{"loc":{"start":{"line":26,"column":2},"end":{"line":26,"column":35}},"type":"if","locations":[{"start":{"line":26,"column":2},"end":{"line":26,"column":35}},{"start":{},"end":{}}],"line":26},"3":{"loc":{"start":{"line":28,"column":2},"end":{"line":28,"column":53}},"type":"if","locations":[{"start":{"line":28,"column":2},"end":{"line":28,"column":53}},{"start":{},"end":{}}],"line":28}},"s":{"0":10,"1":10,"2":10,"3":10,"4":5,"5":4,"6":1,"7":3,"8":3,"9":2,"10":5,"11":10,"12":5,"13":5,"14":2,"15":3,"16":1,"17":2,"18":4},"f":{"0":10,"1":5,"2":4,"3":3,"4":2,"5":5,"6":4},"b":{"0":[1,3],"1":[5,5],"2":[2,3],"3":[1,2]},"_coverageSchema":"1a1c01bbd47fc00a2c39e90264f33305004495a9","hash":"44dc9d49dda597664020416d46ec50163a13104d"}
}
