TN:
SF:src/components/Counter.tsx
FN:3,Counter
FN:10,(anonymous_1)
FN:12,(anonymous_2)
FN:14,(anonymous_3)
FNF:4
FNH:4
FNDA:6,Counter
FNDA:1,(anonymous_1)
FNDA:1,(anonymous_2)
FNDA:1,(anonymous_3)
DA:4,6
DA:6,6
DA:10,1
DA:12,1
DA:14,1
LF:5
LH:5
BRF:0
BRH:0
end_of_record
TN:
SF:src/components/ErrorBoundary.tsx
FN:16,(anonymous_0)
FN:20,(anonymous_1)
FN:24,(anonymous_2)
FNF:3
FNH:3
FNDA:2,(anonymous_0)
FNDA:1,(anonymous_1)
FNDA:5,(anonymous_2)
DA:12,3
DA:17,2
DA:21,1
DA:25,5
DA:26,2
DA:29,3
LF:6
LH:6
BRDA:25,0,0,2
BRDA:25,0,1,3
BRF:2
BRH:2
end_of_record
TN:
SF:src/components/LoginForm.tsx
FN:8,LoginForm
FN:16,(anonymous_1)
FN:32,(anonymous_2)
FN:45,(anonymous_3)
FN:54,(anonymous_4)
FNF:5
FNH:5
FNDA:57,LoginForm
FNDA:3,(anonymous_1)
FNDA:3,(anonymous_2)
FNDA:29,(anonymous_3)
FNDA:22,(anonymous_4)
DA:9,57
DA:14,57
DA:16,57
DA:17,3
DA:19,3
DA:20,1
DA:23,3
DA:24,1
DA:27,3
DA:29,3
DA:32,57
DA:33,3
DA:35,3
DA:36,1
DA:40,57
DA:45,29
DA:54,22
LF:17
LH:17
BRDA:19,0,0,1
BRDA:19,0,1,2
BRDA:23,1,0,1
BRDA:23,1,1,2
BRDA:35,2,0,1
BRDA:35,2,1,2
BRDA:48,3,0,57
BRDA:48,3,1,1
BRDA:57,4,0,57
BRDA:57,4,1,1
BRF:10
BRH:10
end_of_record
TN:
SF:src/components/SearchList.tsx
FN:7,SearchList
FN:10,(anonymous_1)
FN:19,(anonymous_2)
FN:26,(anonymous_3)
FNF:4
FNH:4
FNDA:9,SearchList
FNDA:27,(anonymous_1)
FNDA:6,(anonymous_2)
FNDA:14,(anonymous_3)
DA:8,9
DA:10,9
DA:11,27
DA:14,9
DA:19,6
DA:27,14
LF:6
LH:6
BRDA:22,0,0,3
BRDA:22,0,1,6
BRF:2
BRH:2
end_of_record
TN:
SF:src/components/UserList.tsx
FN:8,UserList
FN:13,(anonymous_1)
FN:15,(anonymous_2)
FN:19,(anonymous_3)
FN:20,(anonymous_4)
FN:21,(anonymous_5)
FN:32,(anonymous_6)
FNF:7
FNH:7
FNDA:10,UserList
FNDA:5,(anonymous_1)
FNDA:4,(anonymous_2)
FNDA:3,(anonymous_3)
FNDA:2,(anonymous_4)
FNDA:5,(anonymous_5)
FNDA:4,(anonymous_6)
DA:9,10
DA:10,10
DA:11,10
DA:13,10
DA:14,5
DA:16,4
DA:17,3
DA:19,3
DA:20,2
DA:21,5
DA:24,10
DA:26,5
DA:28,3
DA:30,2
DA:33,4
LF:15
LH:15
BRDA:16,0,0,1
BRDA:16,0,1,3
BRDA:24,1,0,5
BRDA:24,1,1,5
BRDA:26,2,0,2
BRDA:26,2,1,3
BRDA:28,3,0,1
BRDA:28,3,1,2
BRF:8
BRH:8
end_of_record
