TN:
SF:src/components/Counter.tsx
FN:3,Counter
FN:12,(anonymous_1)
FN:14,(anonymous_2)
FNF:3
FNH:3
FNDA:11,Counter
FNDA:6,(anonymous_1)
FNDA:1,(anonymous_2)
DA:1,1
DA:3,1
DA:4,11
DA:6,11
DA:12,6
DA:14,1
LF:6
LH:6
BRDA:16,0,0,11
BRDA:16,0,1,1
BRF:2
BRH:2
end_of_record
TN:
SF:src/components/FileUploader.tsx
FN:3,FileUploader
FN:7,(anonymous_1)
FNF:2
FNH:2
FNDA:5,FileUploader
FNDA:3,(anonymous_1)
DA:1,1
DA:3,1
DA:4,5
DA:5,5
DA:7,5
DA:8,3
DA:10,3
DA:12,2
DA:13,1
DA:14,1
DA:17,1
DA:18,1
DA:21,5
LF:13
LH:13
BRDA:10,0,0,1
BRDA:10,0,1,2
BRDA:12,1,0,1
BRDA:12,1,1,1
BRDA:24,2,0,5
BRDA:24,2,1,1
BRDA:25,3,0,5
BRDA:25,3,1,1
BRF:8
BRH:8
end_of_record
TN:
SF:src/components/LoginForm.tsx
FN:4,LoginForm
FN:10,(anonymous_1)
FN:40,(anonymous_2)
FN:47,(anonymous_3)
FNF:4
FNH:4
FNDA:34,LoginForm
FNDA:2,(anonymous_1)
FNDA:16,(anonymous_2)
FNDA:12,(anonymous_3)
DA:1,1
DA:2,1
DA:4,1
DA:5,34
DA:6,34
DA:7,34
DA:8,34
DA:10,34
DA:11,2
DA:13,2
DA:14,1
DA:15,1
DA:18,1
DA:19,0
DA:20,0
DA:23,1
DA:24,1
DA:26,1
DA:27,1
DA:29,0
DA:32,1
DA:35,34
DA:40,16
DA:47,12
LF:24
LH:21
BRDA:13,0,0,1
BRDA:13,0,1,1
BRDA:18,1,0,0
BRDA:18,1,1,1
BRDA:50,2,0,1
BRDA:50,2,1,33
BRDA:52,3,0,34
BRDA:52,3,1,1
BRF:8
BRH:7
end_of_record
TN:
SF:src/components/SearchBar.tsx
FN:7,SearchBar
FN:10,(anonymous_1)
FN:11,(anonymous_2)
FN:17,(anonymous_3)
FN:24,(anonymous_4)
FNF:5
FNH:5
FNDA:14,SearchBar
FNDA:14,(anonymous_1)
FNDA:2,(anonymous_2)
FNDA:14,(anonymous_3)
FNDA:10,(anonymous_4)
DA:1,1
DA:7,1
DA:8,14
DA:10,14
DA:11,14
DA:12,2
DA:13,1
DA:17,14
DA:20,14
DA:24,10
LF:10
LH:10
BRDA:12,0,0,1
BRDA:12,0,1,1
BRF:2
BRH:2
end_of_record
TN:
SF:src/components/UserList.tsx
FN:4,UserList
FN:9,(anonymous_1)
FN:12,(anonymous_2)
FN:13,(anonymous_3)
FN:22,(anonymous_4)
FNF:5
FNH:5
FNDA:7,UserList
FNDA:4,(anonymous_1)
FNDA:1,(anonymous_2)
FNDA:3,(anonymous_3)
FNDA:2,(anonymous_4)
DA:1,1
DA:2,1
DA:4,1
DA:5,7
DA:6,7
DA:7,7
DA:9,7
DA:10,4
DA:12,1
DA:13,3
DA:16,7
DA:17,3
DA:18,2
DA:20,1
DA:23,2
LF:15
LH:15
BRDA:16,0,0,4
BRDA:16,0,1,3
BRDA:17,1,0,1
BRDA:17,1,1,2
BRDA:18,2,0,1
BRDA:18,2,1,1
BRF:6
BRH:6
end_of_record
TN:
SF:src/services/api.ts
FN:8,(anonymous_0)
FN:19,(anonymous_1)
FNF:2
FNH:0
FNDA:0,(anonymous_0)
FNDA:0,(anonymous_1)
DA:8,2
DA:9,0
DA:14,0
DA:16,0
DA:19,2
DA:20,0
DA:22,0
DA:24,0
LF:8
LH:2
BRDA:14,0,0,0
BRDA:14,0,1,0
BRDA:22,1,0,0
BRDA:22,1,1,0
BRF:4
BRH:0
end_of_record
